  dataGen.cpp
c:\users\sadno\desktop\fp_pp_1_20181593_계인혜\fp_pp_1_20181593_계인혜\fp_pp_1_20181593_계인혜\fp_pp_1_20181593_계인혜\datagen.cpp(40): warning C4244: '인수': 'time_t'에서 'unsigned int'(으)로 변환하면서 데이터가 손실될 수 있습니다.
c:\users\sadno\desktop\fp_pp_1_20181593_계인혜\fp_pp_1_20181593_계인혜\fp_pp_1_20181593_계인혜\fp_pp_1_20181593_계인혜\datagen.cpp(82): warning C4244: '인수': 'time_t'에서 'unsigned int'(으)로 변환하면서 데이터가 손실될 수 있습니다.
c:\users\sadno\desktop\fp_pp_1_20181593_계인혜\fp_pp_1_20181593_계인혜\fp_pp_1_20181593_계인혜\fp_pp_1_20181593_계인혜\datagen.cpp(124): warning C4244: '인수': 'time_t'에서 'unsigned int'(으)로 변환하면서 데이터가 손실될 수 있습니다.
  buffile.cpp
  delim.cpp
c:\users\sadno\desktop\fp_pp_1_20181593_계인혜\fp_pp_1_20181593_계인혜\fp_pp_1_20181593_계인혜\fp_pp_1_20181593_계인혜\iobuffer\delim.cpp(30): warning C4267: '=': 'size_t'에서 'short'(으)로 변환하면서 데이터가 손실될 수 있습니다.
  iobuffer.cpp
  varlen.cpp
  main.cpp
c:\users\sadno\desktop\fp_pp_1_20181593_계인혜\fp_pp_1_20181593_계인혜\fp_pp_1_20181593_계인혜\fp_pp_1_20181593_계인혜\main.cpp(429): warning C4018: '<': signed 또는 unsigned가 일치하지 않습니다.
c:\users\sadno\desktop\fp_pp_1_20181593_계인혜\fp_pp_1_20181593_계인혜\fp_pp_1_20181593_계인혜\fp_pp_1_20181593_계인혜\main.cpp(492): warning C4018: '<': signed 또는 unsigned가 일치하지 않습니다.
c:\users\sadno\desktop\fp_pp_1_20181593_계인혜\fp_pp_1_20181593_계인혜\fp_pp_1_20181593_계인혜\fp_pp_1_20181593_계인혜\main.cpp(528): warning C4101: 'prev' :참조되지 않은 지역 변수입니다.
c:\users\sadno\desktop\fp_pp_1_20181593_계인혜\fp_pp_1_20181593_계인혜\fp_pp_1_20181593_계인혜\fp_pp_1_20181593_계인혜\main.cpp(763): warning C4101: 'len' :참조되지 않은 지역 변수입니다.
c:\users\sadno\desktop\fp_pp_1_20181593_계인혜\fp_pp_1_20181593_계인혜\fp_pp_1_20181593_계인혜\fp_pp_1_20181593_계인혜\main.cpp(763): warning C4101: 'new_len' :참조되지 않은 지역 변수입니다.
c:\users\sadno\desktop\fp_pp_1_20181593_계인혜\fp_pp_1_20181593_계인혜\fp_pp_1_20181593_계인혜\fp_pp_1_20181593_계인혜\main.cpp(866): warning C4101: 'len' :참조되지 않은 지역 변수입니다.
c:\users\sadno\desktop\fp_pp_1_20181593_계인혜\fp_pp_1_20181593_계인혜\fp_pp_1_20181593_계인혜\fp_pp_1_20181593_계인혜\main.cpp(866): warning C4101: 'new_len' :참조되지 않은 지역 변수입니다.
c:\users\sadno\desktop\fp_pp_1_20181593_계인혜\fp_pp_1_20181593_계인혜\fp_pp_1_20181593_계인혜\fp_pp_1_20181593_계인혜\main.cpp(967): warning C4101: 'len' :참조되지 않은 지역 변수입니다.
c:\users\sadno\desktop\fp_pp_1_20181593_계인혜\fp_pp_1_20181593_계인혜\fp_pp_1_20181593_계인혜\fp_pp_1_20181593_계인혜\main.cpp(967): warning C4101: 'new_len' :참조되지 않은 지역 변수입니다.
c:\users\sadno\desktop\fp_pp_1_20181593_계인혜\fp_pp_1_20181593_계인혜\fp_pp_1_20181593_계인혜\fp_pp_1_20181593_계인혜\main.cpp(986): warning C4101: 'len' :참조되지 않은 지역 변수입니다.
c:\users\sadno\desktop\fp_pp_1_20181593_계인혜\fp_pp_1_20181593_계인혜\fp_pp_1_20181593_계인혜\fp_pp_1_20181593_계인혜\main.cpp(986): warning C4101: 'new_len' :참조되지 않은 지역 변수입니다.
c:\users\sadno\desktop\fp_pp_1_20181593_계인혜\fp_pp_1_20181593_계인혜\fp_pp_1_20181593_계인혜\fp_pp_1_20181593_계인혜\main.cpp(1044): warning C4101: 'len' :참조되지 않은 지역 변수입니다.
c:\users\sadno\desktop\fp_pp_1_20181593_계인혜\fp_pp_1_20181593_계인혜\fp_pp_1_20181593_계인혜\fp_pp_1_20181593_계인혜\main.cpp(1044): warning C4101: 'new_len' :참조되지 않은 지역 변수입니다.
c:\users\sadno\desktop\fp_pp_1_20181593_계인혜\fp_pp_1_20181593_계인혜\fp_pp_1_20181593_계인혜\fp_pp_1_20181593_계인혜\main.cpp(1137): warning C4101: 'len' :참조되지 않은 지역 변수입니다.
c:\users\sadno\desktop\fp_pp_1_20181593_계인혜\fp_pp_1_20181593_계인혜\fp_pp_1_20181593_계인혜\fp_pp_1_20181593_계인혜\main.cpp(1137): warning C4101: 'new_len' :참조되지 않은 지역 변수입니다.
  game.cpp
  member.cpp
  purchase.cpp
  코드를 생성하고 있습니다...
  LINK : C:\Users\sadno\Desktop\FP_PP_1_20181593_계인혜\FP_PP_1_20181593_계인혜\FP_PP_1_20181593_계인혜\Debug\FP_PP_1_20181593_계인혜.exe을(를) 찾을 수 없거나 마지막 증분 링크에 의해 빌드되지 않았습니다. 전체 링크를 수행하고 있습니다.
  FP_PP_1_20181593_계인혜.vcxproj -> C:\Users\sadno\Desktop\FP_PP_1_20181593_계인혜\FP_PP_1_20181593_계인혜\FP_PP_1_20181593_계인혜\Debug\FP_PP_1_20181593_계인혜.exe
